<?xml version="1.0" encoding="UTF-8"?>
<!-- Generated by org.testng.reporters.JUnitReportReporter -->
<testsuite hostname="WSD011" name="com.uat.TestCases.VerifyLoginFucntionality" tests="2" failures="0" timestamp="10 Mar 2017 05:59:54 GMT" time="33.176" errors="0">
  <testcase name="verifyValidLogin" time="17.818" classname="com.uat.TestCases.VerifyLoginFucntionality"/>
  <testcase name="verifyValidLogin" time="15.358" classname="com.uat.TestCases.VerifyLoginFucntionality"/>
</testsuite> <!-- com.uat.TestCases.VerifyLoginFucntionality -->
